[2025-08-21 10:37:22.019] ContentView onAppear called - viewer starting up
[2025-08-21 10:37:22.020] Testing log function with timestamp
[2025-08-21 10:37:24.482] Root snippet loaded
[2025-08-21 10:37:24.483] Starting command file watcher
[2025-08-21 10:37:24.483] Checking for command file at: /Users/asnaroo/Desktop/experiments/miso/viewer_command.txt
[2025-08-21 10:37:25.006] Checking for command file at: /Users/asnaroo/Desktop/experiments/miso/viewer_command.txt
[2025-08-21 10:37:25.529] Checking for command file at: /Users/asnaroo/Desktop/experiments/miso/viewer_command.txt
[2025-08-21 10:37:26.054] Checking for command file at: /Users/asnaroo/Desktop/experiments/miso/viewer_command.txt
[2025-08-21 10:37:26.563] Checking for command file at: /Users/asnaroo/Desktop/experiments/miso/viewer_command.txt
[2025-08-21 10:37:27.067] Checking for command file at: /Users/asnaroo/Desktop/experiments/miso/viewer_command.txt
[2025-08-21 10:37:27.592] Checking for command file at: /Users/asnaroo/Desktop/experiments/miso/viewer_command.txt
[2025-08-21 10:37:28.116] Checking for command file at: /Users/asnaroo/Desktop/experiments/miso/viewer_command.txt
[2025-08-21 10:37:28.345] hello world
[2025-08-21 10:37:28.642] Checking for command file at: /Users/asnaroo/Desktop/experiments/miso/viewer_command.txt
[2025-08-21 10:37:29.167] Checking for command file at: /Users/asnaroo/Desktop/experiments/miso/viewer_command.txt
[2025-08-21 10:37:29.692] Checking for command file at: /Users/asnaroo/Desktop/experiments/miso/viewer_command.txt
[2025-08-21 10:37:30.217] Checking for command file at: /Users/asnaroo/Desktop/experiments/miso/viewer_command.txt
[2025-08-21 10:37:30.741] Checking for command file at: /Users/asnaroo/Desktop/experiments/miso/viewer_command.txt
[2025-08-21 10:37:31.259] Checking for command file at: /Users/asnaroo/Desktop/experiments/miso/viewer_command.txt
[2025-08-21 10:37:31.787] Checking for command file at: /Users/asnaroo/Desktop/experiments/miso/viewer_command.txt
[2025-08-21 10:37:32.312] Checking for command file at: /Users/asnaroo/Desktop/experiments/miso/viewer_command.txt
[2025-08-21 10:37:32.838] Checking for command file at: /Users/asnaroo/Desktop/experiments/miso/viewer_command.txt
[2025-08-21 10:37:33.360] Checking for command file at: /Users/asnaroo/Desktop/experiments/miso/viewer_command.txt
[2025-08-21 10:37:33.888] Checking for command file at: /Users/asnaroo/Desktop/experiments/miso/viewer_command.txt
[2025-08-21 10:37:34.413] Checking for command file at: /Users/asnaroo/Desktop/experiments/miso/viewer_command.txt
[2025-08-21 10:37:34.937] Checking for command file at: /Users/asnaroo/Desktop/experiments/miso/viewer_command.txt
[2025-08-21 10:37:35.462] Checking for command file at: /Users/asnaroo/Desktop/experiments/miso/viewer_command.txt
[2025-08-21 10:37:35.989] Checking for command file at: /Users/asnaroo/Desktop/experiments/miso/viewer_command.txt
[2025-08-21 10:37:36.508] Checking for command file at: /Users/asnaroo/Desktop/experiments/miso/viewer_command.txt
[2025-08-21 10:37:37.033] Checking for command file at: /Users/asnaroo/Desktop/experiments/miso/viewer_command.txt
[2025-08-21 10:37:37.560] Checking for command file at: /Users/asnaroo/Desktop/experiments/miso/viewer_command.txt
[2025-08-21 10:37:38.076] Checking for command file at: /Users/asnaroo/Desktop/experiments/miso/viewer_command.txt
[2025-08-21 10:37:38.603] Checking for command file at: /Users/asnaroo/Desktop/experiments/miso/viewer_command.txt
[2025-08-21 10:37:39.129] Checking for command file at: /Users/asnaroo/Desktop/experiments/miso/viewer_command.txt
[2025-08-21 10:37:39.654] Checking for command file at: /Users/asnaroo/Desktop/experiments/miso/viewer_command.txt
[2025-08-21 10:37:40.172] Checking for command file at: /Users/asnaroo/Desktop/experiments/miso/viewer_command.txt
[2025-08-21 10:37:40.645] Received goto command with path: miso/tools/viewer/markdown
[2025-08-21 10:37:40.698] Checking for command file at: /Users/asnaroo/Desktop/experiments/miso/viewer_command.txt
[2025-08-21 10:37:41.221] Checking for command file at: /Users/asnaroo/Desktop/experiments/miso/viewer_command.txt
[2025-08-21 10:37:41.746] Checking for command file at: /Users/asnaroo/Desktop/experiments/miso/viewer_command.txt
[2025-08-21 10:37:42.271] Checking for command file at: /Users/asnaroo/Desktop/experiments/miso/viewer_command.txt
[2025-08-21 10:37:42.796] Checking for command file at: /Users/asnaroo/Desktop/experiments/miso/viewer_command.txt
[2025-08-21 10:37:43.303] Checking for command file at: /Users/asnaroo/Desktop/experiments/miso/viewer_command.txt
[2025-08-21 10:37:43.829] Checking for command file at: /Users/asnaroo/Desktop/experiments/miso/viewer_command.txt
[2025-08-21 10:37:44.354] Checking for command file at: /Users/asnaroo/Desktop/experiments/miso/viewer_command.txt
[2025-08-21 10:37:44.879] Checking for command file at: /Users/asnaroo/Desktop/experiments/miso/viewer_command.txt
[2025-08-21 10:37:45.404] Checking for command file at: /Users/asnaroo/Desktop/experiments/miso/viewer_command.txt
[2025-08-21 10:37:45.910] Checking for command file at: /Users/asnaroo/Desktop/experiments/miso/viewer_command.txt
[2025-08-21 10:37:46.436] Checking for command file at: /Users/asnaroo/Desktop/experiments/miso/viewer_command.txt
[2025-08-21 10:37:46.953] Checking for command file at: /Users/asnaroo/Desktop/experiments/miso/viewer_command.txt
[2025-08-21 10:37:47.479] Checking for command file at: /Users/asnaroo/Desktop/experiments/miso/viewer_command.txt
[2025-08-21 10:37:48.006] Checking for command file at: /Users/asnaroo/Desktop/experiments/miso/viewer_command.txt
[2025-08-21 10:37:48.517] Checking for command file at: /Users/asnaroo/Desktop/experiments/miso/viewer_command.txt
[2025-08-21 10:37:49.042] Checking for command file at: /Users/asnaroo/Desktop/experiments/miso/viewer_command.txt
[2025-08-21 10:37:49.567] Checking for command file at: /Users/asnaroo/Desktop/experiments/miso/viewer_command.txt
[2025-08-21 10:37:50.092] Checking for command file at: /Users/asnaroo/Desktop/experiments/miso/viewer_command.txt
[2025-08-21 10:37:50.616] Checking for command file at: /Users/asnaroo/Desktop/experiments/miso/viewer_command.txt
[2025-08-21 10:37:51.141] Checking for command file at: /Users/asnaroo/Desktop/experiments/miso/viewer_command.txt
[2025-08-21 10:37:51.667] Checking for command file at: /Users/asnaroo/Desktop/experiments/miso/viewer_command.txt
[2025-08-21 10:37:52.192] Checking for command file at: /Users/asnaroo/Desktop/experiments/miso/viewer_command.txt
[2025-08-21 10:37:52.703] Checking for command file at: /Users/asnaroo/Desktop/experiments/miso/viewer_command.txt
[2025-08-21 10:37:53.217] Checking for command file at: /Users/asnaroo/Desktop/experiments/miso/viewer_command.txt
[2025-08-21 10:37:53.730] Checking for command file at: /Users/asnaroo/Desktop/experiments/miso/viewer_command.txt
[2025-08-21 10:37:54.254] Checking for command file at: /Users/asnaroo/Desktop/experiments/miso/viewer_command.txt
[2025-08-21 10:37:54.773] Checking for command file at: /Users/asnaroo/Desktop/experiments/miso/viewer_command.txt
[2025-08-21 10:37:55.298] Checking for command file at: /Users/asnaroo/Desktop/experiments/miso/viewer_command.txt
[2025-08-21 10:37:55.803] Checking for command file at: /Users/asnaroo/Desktop/experiments/miso/viewer_command.txt
[2025-08-21 10:37:56.328] Checking for command file at: /Users/asnaroo/Desktop/experiments/miso/viewer_command.txt
[2025-08-21 10:37:56.853] Checking for command file at: /Users/asnaroo/Desktop/experiments/miso/viewer_command.txt
[2025-08-21 10:37:57.379] Checking for command file at: /Users/asnaroo/Desktop/experiments/miso/viewer_command.txt
[2025-08-21 10:37:57.904] Checking for command file at: /Users/asnaroo/Desktop/experiments/miso/viewer_command.txt
[2025-08-21 10:37:58.422] Checking for command file at: /Users/asnaroo/Desktop/experiments/miso/viewer_command.txt
[2025-08-21 10:37:58.937] Checking for command file at: /Users/asnaroo/Desktop/experiments/miso/viewer_command.txt
[2025-08-21 10:37:59.460] Checking for command file at: /Users/asnaroo/Desktop/experiments/miso/viewer_command.txt
[2025-08-21 10:37:59.987] Checking for command file at: /Users/asnaroo/Desktop/experiments/miso/viewer_command.txt
[2025-08-21 10:38:00.514] Checking for command file at: /Users/asnaroo/Desktop/experiments/miso/viewer_command.txt
[2025-08-21 10:38:01.030] Checking for command file at: /Users/asnaroo/Desktop/experiments/miso/viewer_command.txt
[2025-08-21 10:38:01.553] Checking for command file at: /Users/asnaroo/Desktop/experiments/miso/viewer_command.txt
[2025-08-21 10:38:02.065] Checking for command file at: /Users/asnaroo/Desktop/experiments/miso/viewer_command.txt
[2025-08-21 10:38:02.592] Checking for command file at: /Users/asnaroo/Desktop/experiments/miso/viewer_command.txt
[2025-08-21 10:38:03.103] Checking for command file at: /Users/asnaroo/Desktop/experiments/miso/viewer_command.txt
[2025-08-21 10:38:03.629] Checking for command file at: /Users/asnaroo/Desktop/experiments/miso/viewer_command.txt
[2025-08-21 10:38:04.153] Checking for command file at: /Users/asnaroo/Desktop/experiments/miso/viewer_command.txt
[2025-08-21 10:38:04.665] Checking for command file at: /Users/asnaroo/Desktop/experiments/miso/viewer_command.txt
[2025-08-21 10:38:05.187] Checking for command file at: /Users/asnaroo/Desktop/experiments/miso/viewer_command.txt
[2025-08-21 10:38:05.703] Checking for command file at: /Users/asnaroo/Desktop/experiments/miso/viewer_command.txt
[2025-08-21 10:38:06.227] Checking for command file at: /Users/asnaroo/Desktop/experiments/miso/viewer_command.txt
[2025-08-21 10:38:06.753] Checking for command file at: /Users/asnaroo/Desktop/experiments/miso/viewer_command.txt
[2025-08-21 10:38:07.260] Checking for command file at: /Users/asnaroo/Desktop/experiments/miso/viewer_command.txt
[2025-08-21 10:38:07.780] Checking for command file at: /Users/asnaroo/Desktop/experiments/miso/viewer_command.txt
[2025-08-21 10:38:08.303] Checking for command file at: /Users/asnaroo/Desktop/experiments/miso/viewer_command.txt
[2025-08-21 10:38:08.829] Checking for command file at: /Users/asnaroo/Desktop/experiments/miso/viewer_command.txt
[2025-08-21 10:38:09.354] Checking for command file at: /Users/asnaroo/Desktop/experiments/miso/viewer_command.txt
[2025-08-21 10:38:09.879] Checking for command file at: /Users/asnaroo/Desktop/experiments/miso/viewer_command.txt
[2025-08-21 10:38:10.404] Checking for command file at: /Users/asnaroo/Desktop/experiments/miso/viewer_command.txt
[2025-08-21 10:38:10.929] Checking for command file at: /Users/asnaroo/Desktop/experiments/miso/viewer_command.txt
[2025-08-21 10:38:11.453] Checking for command file at: /Users/asnaroo/Desktop/experiments/miso/viewer_command.txt
[2025-08-21 10:38:11.979] Checking for command file at: /Users/asnaroo/Desktop/experiments/miso/viewer_command.txt
[2025-08-21 10:38:12.504] Checking for command file at: /Users/asnaroo/Desktop/experiments/miso/viewer_command.txt
[2025-08-21 10:38:13.029] Checking for command file at: /Users/asnaroo/Desktop/experiments/miso/viewer_command.txt
[2025-08-21 10:38:13.554] Checking for command file at: /Users/asnaroo/Desktop/experiments/miso/viewer_command.txt
[2025-08-21 10:38:14.079] Checking for command file at: /Users/asnaroo/Desktop/experiments/miso/viewer_command.txt
[2025-08-21 10:38:14.604] Checking for command file at: /Users/asnaroo/Desktop/experiments/miso/viewer_command.txt
[2025-08-21 10:38:15.129] Checking for command file at: /Users/asnaroo/Desktop/experiments/miso/viewer_command.txt
[2025-08-21 10:38:15.652] Checking for command file at: /Users/asnaroo/Desktop/experiments/miso/viewer_command.txt
[2025-08-21 10:38:16.175] Checking for command file at: /Users/asnaroo/Desktop/experiments/miso/viewer_command.txt
[2025-08-21 10:38:16.703] Checking for command file at: /Users/asnaroo/Desktop/experiments/miso/viewer_command.txt
[2025-08-21 10:38:17.229] Checking for command file at: /Users/asnaroo/Desktop/experiments/miso/viewer_command.txt
[2025-08-21 10:38:17.754] Checking for command file at: /Users/asnaroo/Desktop/experiments/miso/viewer_command.txt
[2025-08-21 10:38:18.280] Checking for command file at: /Users/asnaroo/Desktop/experiments/miso/viewer_command.txt
[2025-08-21 10:38:18.803] Checking for command file at: /Users/asnaroo/Desktop/experiments/miso/viewer_command.txt
[2025-08-21 10:38:19.328] Checking for command file at: /Users/asnaroo/Desktop/experiments/miso/viewer_command.txt
[2025-08-21 10:38:19.853] Checking for command file at: /Users/asnaroo/Desktop/experiments/miso/viewer_command.txt
[2025-08-21 10:38:20.379] Checking for command file at: /Users/asnaroo/Desktop/experiments/miso/viewer_command.txt
[2025-08-21 10:38:20.903] Checking for command file at: /Users/asnaroo/Desktop/experiments/miso/viewer_command.txt
[2025-08-21 10:38:21.423] Checking for command file at: /Users/asnaroo/Desktop/experiments/miso/viewer_command.txt
[2025-08-21 10:38:21.937] Checking for command file at: /Users/asnaroo/Desktop/experiments/miso/viewer_command.txt
[2025-08-21 10:38:22.453] Checking for command file at: /Users/asnaroo/Desktop/experiments/miso/viewer_command.txt
[2025-08-21 10:38:22.980] Checking for command file at: /Users/asnaroo/Desktop/experiments/miso/viewer_command.txt
[2025-08-21 10:38:23.506] Checking for command file at: /Users/asnaroo/Desktop/experiments/miso/viewer_command.txt
[2025-08-21 10:38:24.014] Checking for command file at: /Users/asnaroo/Desktop/experiments/miso/viewer_command.txt
[2025-08-21 10:38:24.538] Checking for command file at: /Users/asnaroo/Desktop/experiments/miso/viewer_command.txt
[2025-08-21 10:38:25.063] Checking for command file at: /Users/asnaroo/Desktop/experiments/miso/viewer_command.txt
[2025-08-21 10:38:25.588] Checking for command file at: /Users/asnaroo/Desktop/experiments/miso/viewer_command.txt
[2025-08-21 10:38:26.113] Checking for command file at: /Users/asnaroo/Desktop/experiments/miso/viewer_command.txt
[2025-08-21 10:38:26.628] Checking for command file at: /Users/asnaroo/Desktop/experiments/miso/viewer_command.txt
[2025-08-21 10:38:27.153] Checking for command file at: /Users/asnaroo/Desktop/experiments/miso/viewer_command.txt
[2025-08-21 10:38:27.680] Checking for command file at: /Users/asnaroo/Desktop/experiments/miso/viewer_command.txt
[2025-08-21 10:38:28.204] Checking for command file at: /Users/asnaroo/Desktop/experiments/miso/viewer_command.txt
[2025-08-21 10:38:28.729] Checking for command file at: /Users/asnaroo/Desktop/experiments/miso/viewer_command.txt
[2025-08-21 10:38:29.254] Checking for command file at: /Users/asnaroo/Desktop/experiments/miso/viewer_command.txt
[2025-08-21 10:38:29.759] Checking for command file at: /Users/asnaroo/Desktop/experiments/miso/viewer_command.txt
[2025-08-21 10:38:30.284] Checking for command file at: /Users/asnaroo/Desktop/experiments/miso/viewer_command.txt
[2025-08-21 10:38:30.809] Checking for command file at: /Users/asnaroo/Desktop/experiments/miso/viewer_command.txt
[2025-08-21 10:38:31.334] Checking for command file at: /Users/asnaroo/Desktop/experiments/miso/viewer_command.txt
[2025-08-21 10:38:31.860] Checking for command file at: /Users/asnaroo/Desktop/experiments/miso/viewer_command.txt
[2025-08-21 10:38:32.384] Checking for command file at: /Users/asnaroo/Desktop/experiments/miso/viewer_command.txt
[2025-08-21 10:38:32.909] Checking for command file at: /Users/asnaroo/Desktop/experiments/miso/viewer_command.txt
[2025-08-21 10:38:33.434] Checking for command file at: /Users/asnaroo/Desktop/experiments/miso/viewer_command.txt
[2025-08-21 10:38:33.960] Checking for command file at: /Users/asnaroo/Desktop/experiments/miso/viewer_command.txt
[2025-08-21 10:38:34.488] Checking for command file at: /Users/asnaroo/Desktop/experiments/miso/viewer_command.txt
[2025-08-21 10:38:35.013] Checking for command file at: /Users/asnaroo/Desktop/experiments/miso/viewer_command.txt
[2025-08-21 10:38:35.528] Checking for command file at: /Users/asnaroo/Desktop/experiments/miso/viewer_command.txt
[2025-08-21 10:38:36.048] Checking for command file at: /Users/asnaroo/Desktop/experiments/miso/viewer_command.txt
[2025-08-21 10:38:36.561] Checking for command file at: /Users/asnaroo/Desktop/experiments/miso/viewer_command.txt
[2025-08-21 10:38:37.081] Checking for command file at: /Users/asnaroo/Desktop/experiments/miso/viewer_command.txt
[2025-08-21 10:38:37.606] Checking for command file at: /Users/asnaroo/Desktop/experiments/miso/viewer_command.txt
[2025-08-21 10:38:38.128] Checking for command file at: /Users/asnaroo/Desktop/experiments/miso/viewer_command.txt
[2025-08-21 10:38:38.653] Checking for command file at: /Users/asnaroo/Desktop/experiments/miso/viewer_command.txt
[2025-08-21 10:38:39.173] Checking for command file at: /Users/asnaroo/Desktop/experiments/miso/viewer_command.txt
[2025-08-21 10:38:39.687] Checking for command file at: /Users/asnaroo/Desktop/experiments/miso/viewer_command.txt
[2025-08-21 10:38:40.203] Checking for command file at: /Users/asnaroo/Desktop/experiments/miso/viewer_command.txt
[2025-08-21 10:38:40.723] Checking for command file at: /Users/asnaroo/Desktop/experiments/miso/viewer_command.txt
[2025-08-21 10:38:41.246] Checking for command file at: /Users/asnaroo/Desktop/experiments/miso/viewer_command.txt
[2025-08-21 10:38:41.771] Checking for command file at: /Users/asnaroo/Desktop/experiments/miso/viewer_command.txt
[2025-08-21 10:38:42.296] Checking for command file at: /Users/asnaroo/Desktop/experiments/miso/viewer_command.txt
[2025-08-21 10:38:42.803] Checking for command file at: /Users/asnaroo/Desktop/experiments/miso/viewer_command.txt
[2025-08-21 10:38:43.328] Checking for command file at: /Users/asnaroo/Desktop/experiments/miso/viewer_command.txt
[2025-08-21 10:38:43.852] Checking for command file at: /Users/asnaroo/Desktop/experiments/miso/viewer_command.txt
[2025-08-21 10:38:44.378] Checking for command file at: /Users/asnaroo/Desktop/experiments/miso/viewer_command.txt
[2025-08-21 10:38:44.903] Checking for command file at: /Users/asnaroo/Desktop/experiments/miso/viewer_command.txt
[2025-08-21 10:38:45.430] Checking for command file at: /Users/asnaroo/Desktop/experiments/miso/viewer_command.txt
[2025-08-21 10:38:45.955] Checking for command file at: /Users/asnaroo/Desktop/experiments/miso/viewer_command.txt
[2025-08-21 10:38:46.474] Checking for command file at: /Users/asnaroo/Desktop/experiments/miso/viewer_command.txt
[2025-08-21 10:38:46.987] Checking for command file at: /Users/asnaroo/Desktop/experiments/miso/viewer_command.txt
[2025-08-21 10:38:47.503] Checking for command file at: /Users/asnaroo/Desktop/experiments/miso/viewer_command.txt
[2025-08-21 10:38:48.006] Checking for command file at: /Users/asnaroo/Desktop/experiments/miso/viewer_command.txt
[2025-08-21 10:38:48.514] Checking for command file at: /Users/asnaroo/Desktop/experiments/miso/viewer_command.txt
[2025-08-21 10:38:49.032] Checking for command file at: /Users/asnaroo/Desktop/experiments/miso/viewer_command.txt
[2025-08-21 10:38:49.553] Checking for command file at: /Users/asnaroo/Desktop/experiments/miso/viewer_command.txt
[2025-08-21 10:38:50.080] Checking for command file at: /Users/asnaroo/Desktop/experiments/miso/viewer_command.txt
[2025-08-21 10:38:50.606] Checking for command file at: /Users/asnaroo/Desktop/experiments/miso/viewer_command.txt
[2025-08-21 10:38:51.128] Checking for command file at: /Users/asnaroo/Desktop/experiments/miso/viewer_command.txt
[2025-08-21 10:38:51.653] Checking for command file at: /Users/asnaroo/Desktop/experiments/miso/viewer_command.txt
[2025-08-21 10:38:52.164] Checking for command file at: /Users/asnaroo/Desktop/experiments/miso/viewer_command.txt
[2025-08-21 10:38:52.686] Checking for command file at: /Users/asnaroo/Desktop/experiments/miso/viewer_command.txt
[2025-08-21 10:38:53.203] Checking for command file at: /Users/asnaroo/Desktop/experiments/miso/viewer_command.txt
[2025-08-21 10:38:53.714] Checking for command file at: /Users/asnaroo/Desktop/experiments/miso/viewer_command.txt
[2025-08-21 10:38:54.235] Checking for command file at: /Users/asnaroo/Desktop/experiments/miso/viewer_command.txt
[2025-08-21 10:38:54.752] Checking for command file at: /Users/asnaroo/Desktop/experiments/miso/viewer_command.txt
[2025-08-21 10:38:55.260] Checking for command file at: /Users/asnaroo/Desktop/experiments/miso/viewer_command.txt
[2025-08-21 10:38:55.784] Checking for command file at: /Users/asnaroo/Desktop/experiments/miso/viewer_command.txt
[2025-08-21 10:38:56.303] Checking for command file at: /Users/asnaroo/Desktop/experiments/miso/viewer_command.txt
[2025-08-21 10:38:56.820] Checking for command file at: /Users/asnaroo/Desktop/experiments/miso/viewer_command.txt
[2025-08-21 10:38:57.347] Checking for command file at: /Users/asnaroo/Desktop/experiments/miso/viewer_command.txt
[2025-08-21 10:38:57.853] Checking for command file at: /Users/asnaroo/Desktop/experiments/miso/viewer_command.txt
[2025-08-21 10:38:58.379] Checking for command file at: /Users/asnaroo/Desktop/experiments/miso/viewer_command.txt
[2025-08-21 10:38:58.902] Checking for command file at: /Users/asnaroo/Desktop/experiments/miso/viewer_command.txt
[2025-08-21 10:38:59.426] Checking for command file at: /Users/asnaroo/Desktop/experiments/miso/viewer_command.txt
[2025-08-21 10:38:59.959] Checking for command file at: /Users/asnaroo/Desktop/experiments/miso/viewer_command.txt
[2025-08-21 10:39:00.475] Checking for command file at: /Users/asnaroo/Desktop/experiments/miso/viewer_command.txt
[2025-08-21 10:39:01.001] Checking for command file at: /Users/asnaroo/Desktop/experiments/miso/viewer_command.txt
[2025-08-21 10:39:01.526] Checking for command file at: /Users/asnaroo/Desktop/experiments/miso/viewer_command.txt
[2025-08-21 10:39:02.054] Checking for command file at: /Users/asnaroo/Desktop/experiments/miso/viewer_command.txt
[2025-08-21 10:39:02.568] Checking for command file at: /Users/asnaroo/Desktop/experiments/miso/viewer_command.txt
[2025-08-21 10:39:03.084] Checking for command file at: /Users/asnaroo/Desktop/experiments/miso/viewer_command.txt
[2025-08-21 10:39:03.611] Checking for command file at: /Users/asnaroo/Desktop/experiments/miso/viewer_command.txt
[2025-08-21 10:39:04.129] Checking for command file at: /Users/asnaroo/Desktop/experiments/miso/viewer_command.txt
[2025-08-21 10:39:04.653] Checking for command file at: /Users/asnaroo/Desktop/experiments/miso/viewer_command.txt
[2025-08-21 10:39:05.160] Checking for command file at: /Users/asnaroo/Desktop/experiments/miso/viewer_command.txt
[2025-08-21 10:39:05.687] Checking for command file at: /Users/asnaroo/Desktop/experiments/miso/viewer_command.txt
[2025-08-21 10:39:06.203] Checking for command file at: /Users/asnaroo/Desktop/experiments/miso/viewer_command.txt
[2025-08-21 10:39:06.724] Checking for command file at: /Users/asnaroo/Desktop/experiments/miso/viewer_command.txt
[2025-08-21 10:39:07.231] Checking for command file at: /Users/asnaroo/Desktop/experiments/miso/viewer_command.txt
[2025-08-21 10:39:07.753] Checking for command file at: /Users/asnaroo/Desktop/experiments/miso/viewer_command.txt
[2025-08-21 10:39:08.264] Checking for command file at: /Users/asnaroo/Desktop/experiments/miso/viewer_command.txt
[2025-08-21 10:39:08.791] Checking for command file at: /Users/asnaroo/Desktop/experiments/miso/viewer_command.txt
[2025-08-21 10:39:09.303] Checking for command file at: /Users/asnaroo/Desktop/experiments/miso/viewer_command.txt
[2025-08-21 10:39:09.824] Checking for command file at: /Users/asnaroo/Desktop/experiments/miso/viewer_command.txt
[2025-08-21 10:39:10.342] Checking for command file at: /Users/asnaroo/Desktop/experiments/miso/viewer_command.txt
[2025-08-21 10:39:10.869] Checking for command file at: /Users/asnaroo/Desktop/experiments/miso/viewer_command.txt
[2025-08-21 10:39:11.400] Checking for command file at: /Users/asnaroo/Desktop/experiments/miso/viewer_command.txt
[2025-08-21 10:39:11.926] Checking for command file at: /Users/asnaroo/Desktop/experiments/miso/viewer_command.txt
[2025-08-21 10:39:12.452] Checking for command file at: /Users/asnaroo/Desktop/experiments/miso/viewer_command.txt
[2025-08-21 10:39:12.961] Checking for command file at: /Users/asnaroo/Desktop/experiments/miso/viewer_command.txt
[2025-08-21 10:39:13.473] Checking for command file at: /Users/asnaroo/Desktop/experiments/miso/viewer_command.txt
[2025-08-21 10:39:13.981] Checking for command file at: /Users/asnaroo/Desktop/experiments/miso/viewer_command.txt
[2025-08-21 10:39:14.503] Checking for command file at: /Users/asnaroo/Desktop/experiments/miso/viewer_command.txt
[2025-08-21 10:39:15.006] Checking for command file at: /Users/asnaroo/Desktop/experiments/miso/viewer_command.txt
[2025-08-21 10:39:15.531] Checking for command file at: /Users/asnaroo/Desktop/experiments/miso/viewer_command.txt
[2025-08-21 10:39:16.053] Checking for command file at: /Users/asnaroo/Desktop/experiments/miso/viewer_command.txt
[2025-08-21 10:39:16.560] Checking for command file at: /Users/asnaroo/Desktop/experiments/miso/viewer_command.txt
[2025-08-21 10:39:17.084] Checking for command file at: /Users/asnaroo/Desktop/experiments/miso/viewer_command.txt
[2025-08-21 10:39:17.609] Checking for command file at: /Users/asnaroo/Desktop/experiments/miso/viewer_command.txt
[2025-08-21 10:39:18.138] Checking for command file at: /Users/asnaroo/Desktop/experiments/miso/viewer_command.txt
[2025-08-21 10:39:18.663] Checking for command file at: /Users/asnaroo/Desktop/experiments/miso/viewer_command.txt
[2025-08-21 10:39:19.188] Checking for command file at: /Users/asnaroo/Desktop/experiments/miso/viewer_command.txt
[2025-08-21 10:39:19.713] Checking for command file at: /Users/asnaroo/Desktop/experiments/miso/viewer_command.txt
[2025-08-21 10:39:20.222] Checking for command file at: /Users/asnaroo/Desktop/experiments/miso/viewer_command.txt
[2025-08-21 10:39:20.726] Checking for command file at: /Users/asnaroo/Desktop/experiments/miso/viewer_command.txt
[2025-08-21 10:39:21.253] Checking for command file at: /Users/asnaroo/Desktop/experiments/miso/viewer_command.txt
[2025-08-21 10:39:21.780] Checking for command file at: /Users/asnaroo/Desktop/experiments/miso/viewer_command.txt
[2025-08-21 10:39:22.302] Checking for command file at: /Users/asnaroo/Desktop/experiments/miso/viewer_command.txt
[2025-08-21 10:39:22.828] Checking for command file at: /Users/asnaroo/Desktop/experiments/miso/viewer_command.txt
[2025-08-21 10:39:23.352] Checking for command file at: /Users/asnaroo/Desktop/experiments/miso/viewer_command.txt
[2025-08-21 10:39:23.878] Checking for command file at: /Users/asnaroo/Desktop/experiments/miso/viewer_command.txt
[2025-08-21 10:39:24.403] Checking for command file at: /Users/asnaroo/Desktop/experiments/miso/viewer_command.txt
[2025-08-21 10:39:24.926] Checking for command file at: /Users/asnaroo/Desktop/experiments/miso/viewer_command.txt
[2025-08-21 10:39:25.453] Checking for command file at: /Users/asnaroo/Desktop/experiments/miso/viewer_command.txt
[2025-08-21 10:39:25.978] Checking for command file at: /Users/asnaroo/Desktop/experiments/miso/viewer_command.txt
[2025-08-21 10:39:26.502] Checking for command file at: /Users/asnaroo/Desktop/experiments/miso/viewer_command.txt
[2025-08-21 10:39:27.006] Checking for command file at: /Users/asnaroo/Desktop/experiments/miso/viewer_command.txt
[2025-08-21 10:39:27.531] Checking for command file at: /Users/asnaroo/Desktop/experiments/miso/viewer_command.txt
[2025-08-21 10:39:28.053] Checking for command file at: /Users/asnaroo/Desktop/experiments/miso/viewer_command.txt
[2025-08-21 10:39:28.563] Checking for command file at: /Users/asnaroo/Desktop/experiments/miso/viewer_command.txt
[2025-08-21 10:39:29.092] Checking for command file at: /Users/asnaroo/Desktop/experiments/miso/viewer_command.txt
[2025-08-21 10:39:29.607] Checking for command file at: /Users/asnaroo/Desktop/experiments/miso/viewer_command.txt
[2025-08-21 10:39:30.128] Checking for command file at: /Users/asnaroo/Desktop/experiments/miso/viewer_command.txt
[2025-08-21 10:39:30.653] Checking for command file at: /Users/asnaroo/Desktop/experiments/miso/viewer_command.txt
[2025-08-21 10:39:31.176] Checking for command file at: /Users/asnaroo/Desktop/experiments/miso/viewer_command.txt
[2025-08-21 10:39:31.703] Checking for command file at: /Users/asnaroo/Desktop/experiments/miso/viewer_command.txt
[2025-08-21 10:39:32.229] Checking for command file at: /Users/asnaroo/Desktop/experiments/miso/viewer_command.txt
[2025-08-21 10:39:32.756] Checking for command file at: /Users/asnaroo/Desktop/experiments/miso/viewer_command.txt
[2025-08-21 10:39:33.279] Checking for command file at: /Users/asnaroo/Desktop/experiments/miso/viewer_command.txt
[2025-08-21 10:39:33.804] Checking for command file at: /Users/asnaroo/Desktop/experiments/miso/viewer_command.txt
[2025-08-21 10:39:34.330] Checking for command file at: /Users/asnaroo/Desktop/experiments/miso/viewer_command.txt
[2025-08-21 10:39:34.855] Checking for command file at: /Users/asnaroo/Desktop/experiments/miso/viewer_command.txt
[2025-08-21 10:39:35.380] Checking for command file at: /Users/asnaroo/Desktop/experiments/miso/viewer_command.txt
[2025-08-21 10:39:35.905] Checking for command file at: /Users/asnaroo/Desktop/experiments/miso/viewer_command.txt
[2025-08-21 10:39:36.423] Checking for command file at: /Users/asnaroo/Desktop/experiments/miso/viewer_command.txt
[2025-08-21 10:39:36.946] Checking for command file at: /Users/asnaroo/Desktop/experiments/miso/viewer_command.txt
[2025-08-21 10:39:37.471] Checking for command file at: /Users/asnaroo/Desktop/experiments/miso/viewer_command.txt
[2025-08-21 10:39:37.998] Checking for command file at: /Users/asnaroo/Desktop/experiments/miso/viewer_command.txt
[2025-08-21 10:39:38.503] Checking for command file at: /Users/asnaroo/Desktop/experiments/miso/viewer_command.txt
[2025-08-21 10:39:39.030] Checking for command file at: /Users/asnaroo/Desktop/experiments/miso/viewer_command.txt
[2025-08-21 10:39:39.555] Checking for command file at: /Users/asnaroo/Desktop/experiments/miso/viewer_command.txt
[2025-08-21 10:39:40.079] Checking for command file at: /Users/asnaroo/Desktop/experiments/miso/viewer_command.txt
[2025-08-21 10:39:40.607] Checking for command file at: /Users/asnaroo/Desktop/experiments/miso/viewer_command.txt
[2025-08-21 10:39:41.128] Checking for command file at: /Users/asnaroo/Desktop/experiments/miso/viewer_command.txt
[2025-08-21 10:39:41.653] Checking for command file at: /Users/asnaroo/Desktop/experiments/miso/viewer_command.txt
[2025-08-21 10:39:42.164] Checking for command file at: /Users/asnaroo/Desktop/experiments/miso/viewer_command.txt
[2025-08-21 10:39:42.688] Checking for command file at: /Users/asnaroo/Desktop/experiments/miso/viewer_command.txt
[2025-08-21 10:39:43.213] Checking for command file at: /Users/asnaroo/Desktop/experiments/miso/viewer_command.txt
[2025-08-21 10:39:43.735] Checking for command file at: /Users/asnaroo/Desktop/experiments/miso/viewer_command.txt
[2025-08-21 10:39:44.253] Checking for command file at: /Users/asnaroo/Desktop/experiments/miso/viewer_command.txt
[2025-08-21 10:39:44.760] Checking for command file at: /Users/asnaroo/Desktop/experiments/miso/viewer_command.txt
[2025-08-21 10:39:45.265] Checking for command file at: /Users/asnaroo/Desktop/experiments/miso/viewer_command.txt
[2025-08-21 10:39:45.785] Checking for command file at: /Users/asnaroo/Desktop/experiments/miso/viewer_command.txt
[2025-08-21 10:39:46.303] Checking for command file at: /Users/asnaroo/Desktop/experiments/miso/viewer_command.txt
[2025-08-21 10:39:46.828] Checking for command file at: /Users/asnaroo/Desktop/experiments/miso/viewer_command.txt
[2025-08-21 10:39:47.353] Checking for command file at: /Users/asnaroo/Desktop/experiments/miso/viewer_command.txt
[2025-08-21 10:39:47.880] Checking for command file at: /Users/asnaroo/Desktop/experiments/miso/viewer_command.txt
[2025-08-21 10:39:48.405] Checking for command file at: /Users/asnaroo/Desktop/experiments/miso/viewer_command.txt
[2025-08-21 10:39:48.930] Checking for command file at: /Users/asnaroo/Desktop/experiments/miso/viewer_command.txt
[2025-08-21 10:39:49.453] Checking for command file at: /Users/asnaroo/Desktop/experiments/miso/viewer_command.txt
[2025-08-21 10:39:49.964] Checking for command file at: /Users/asnaroo/Desktop/experiments/miso/viewer_command.txt
[2025-08-21 10:39:50.488] Checking for command file at: /Users/asnaroo/Desktop/experiments/miso/viewer_command.txt
[2025-08-21 10:39:51.006] Checking for command file at: /Users/asnaroo/Desktop/experiments/miso/viewer_command.txt
[2025-08-21 10:39:51.533] Checking for command file at: /Users/asnaroo/Desktop/experiments/miso/viewer_command.txt
[2025-08-21 10:39:52.052] Checking for command file at: /Users/asnaroo/Desktop/experiments/miso/viewer_command.txt
[2025-08-21 10:39:52.567] Checking for command file at: /Users/asnaroo/Desktop/experiments/miso/viewer_command.txt
[2025-08-21 10:39:53.095] Checking for command file at: /Users/asnaroo/Desktop/experiments/miso/viewer_command.txt
[2025-08-21 10:39:53.606] Checking for command file at: /Users/asnaroo/Desktop/experiments/miso/viewer_command.txt
[2025-08-21 10:39:54.128] Checking for command file at: /Users/asnaroo/Desktop/experiments/miso/viewer_command.txt
[2025-08-21 10:39:54.653] Checking for command file at: /Users/asnaroo/Desktop/experiments/miso/viewer_command.txt
[2025-08-21 10:39:55.160] Checking for command file at: /Users/asnaroo/Desktop/experiments/miso/viewer_command.txt
[2025-08-21 10:39:55.687] Checking for command file at: /Users/asnaroo/Desktop/experiments/miso/viewer_command.txt
[2025-08-21 10:39:56.214] Checking for command file at: /Users/asnaroo/Desktop/experiments/miso/viewer_command.txt
[2025-08-21 10:39:56.739] Checking for command file at: /Users/asnaroo/Desktop/experiments/miso/viewer_command.txt
[2025-08-21 10:39:57.253] Checking for command file at: /Users/asnaroo/Desktop/experiments/miso/viewer_command.txt
[2025-08-21 10:39:57.771] Checking for command file at: /Users/asnaroo/Desktop/experiments/miso/viewer_command.txt
[2025-08-21 10:39:58.277] Checking for command file at: /Users/asnaroo/Desktop/experiments/miso/viewer_command.txt
[2025-08-21 10:39:58.802] Checking for command file at: /Users/asnaroo/Desktop/experiments/miso/viewer_command.txt
[2025-08-21 10:39:59.328] Checking for command file at: /Users/asnaroo/Desktop/experiments/miso/viewer_command.txt
[2025-08-21 10:39:59.853] Checking for command file at: /Users/asnaroo/Desktop/experiments/miso/viewer_command.txt
[2025-08-21 10:40:00.378] Checking for command file at: /Users/asnaroo/Desktop/experiments/miso/viewer_command.txt
[2025-08-21 10:40:00.903] Checking for command file at: /Users/asnaroo/Desktop/experiments/miso/viewer_command.txt
[2025-08-21 10:40:01.430] Checking for command file at: /Users/asnaroo/Desktop/experiments/miso/viewer_command.txt
[2025-08-21 10:40:01.953] Checking for command file at: /Users/asnaroo/Desktop/experiments/miso/viewer_command.txt
[2025-08-21 10:40:02.475] Checking for command file at: /Users/asnaroo/Desktop/experiments/miso/viewer_command.txt
[2025-08-21 10:40:03.001] Checking for command file at: /Users/asnaroo/Desktop/experiments/miso/viewer_command.txt
[2025-08-21 10:40:03.511] Checking for command file at: /Users/asnaroo/Desktop/experiments/miso/viewer_command.txt
[2025-08-21 10:40:04.039] Checking for command file at: /Users/asnaroo/Desktop/experiments/miso/viewer_command.txt
[2025-08-21 10:40:04.563] Checking for command file at: /Users/asnaroo/Desktop/experiments/miso/viewer_command.txt
[2025-08-21 10:40:05.089] Checking for command file at: /Users/asnaroo/Desktop/experiments/miso/viewer_command.txt
[2025-08-21 10:40:05.606] Checking for command file at: /Users/asnaroo/Desktop/experiments/miso/viewer_command.txt
[2025-08-21 10:40:06.132] Checking for command file at: /Users/asnaroo/Desktop/experiments/miso/viewer_command.txt
[2025-08-21 10:40:06.653] Checking for command file at: /Users/asnaroo/Desktop/experiments/miso/viewer_command.txt
[2025-08-21 10:40:07.166] Checking for command file at: /Users/asnaroo/Desktop/experiments/miso/viewer_command.txt
[2025-08-21 10:40:07.687] Checking for command file at: /Users/asnaroo/Desktop/experiments/miso/viewer_command.txt
[2025-08-21 10:40:08.213] Checking for command file at: /Users/asnaroo/Desktop/experiments/miso/viewer_command.txt
[2025-08-21 10:40:08.741] Checking for command file at: /Users/asnaroo/Desktop/experiments/miso/viewer_command.txt
[2025-08-21 10:40:09.259] Checking for command file at: /Users/asnaroo/Desktop/experiments/miso/viewer_command.txt
[2025-08-21 10:40:09.787] Checking for command file at: /Users/asnaroo/Desktop/experiments/miso/viewer_command.txt
[2025-08-21 10:40:10.303] Checking for command file at: /Users/asnaroo/Desktop/experiments/miso/viewer_command.txt
[2025-08-21 10:40:10.828] Checking for command file at: /Users/asnaroo/Desktop/experiments/miso/viewer_command.txt
[2025-08-21 10:40:11.353] Checking for command file at: /Users/asnaroo/Desktop/experiments/miso/viewer_command.txt
[2025-08-21 10:40:11.880] Checking for command file at: /Users/asnaroo/Desktop/experiments/miso/viewer_command.txt
[2025-08-21 10:40:12.405] Checking for command file at: /Users/asnaroo/Desktop/experiments/miso/viewer_command.txt
[2025-08-21 10:40:12.930] Checking for command file at: /Users/asnaroo/Desktop/experiments/miso/viewer_command.txt
[2025-08-21 10:40:13.453] Checking for command file at: /Users/asnaroo/Desktop/experiments/miso/viewer_command.txt
[2025-08-21 10:40:13.968] Checking for command file at: /Users/asnaroo/Desktop/experiments/miso/viewer_command.txt
[2025-08-21 10:40:14.474] Checking for command file at: /Users/asnaroo/Desktop/experiments/miso/viewer_command.txt
[2025-08-21 10:40:15.001] Checking for command file at: /Users/asnaroo/Desktop/experiments/miso/viewer_command.txt
[2025-08-21 10:40:15.526] Checking for command file at: /Users/asnaroo/Desktop/experiments/miso/viewer_command.txt
[2025-08-21 10:40:16.051] Checking for command file at: /Users/asnaroo/Desktop/experiments/miso/viewer_command.txt
[2025-08-21 10:40:16.560] Checking for command file at: /Users/asnaroo/Desktop/experiments/miso/viewer_command.txt
[2025-08-21 10:40:17.066] Checking for command file at: /Users/asnaroo/Desktop/experiments/miso/viewer_command.txt
[2025-08-21 10:40:17.570] Checking for command file at: /Users/asnaroo/Desktop/experiments/miso/viewer_command.txt
[2025-08-21 10:40:18.087] Checking for command file at: /Users/asnaroo/Desktop/experiments/miso/viewer_command.txt
[2025-08-21 10:40:18.608] Checking for command file at: /Users/asnaroo/Desktop/experiments/miso/viewer_command.txt
[2025-08-21 10:40:19.128] Checking for command file at: /Users/asnaroo/Desktop/experiments/miso/viewer_command.txt
[2025-08-21 10:40:19.653] Checking for command file at: /Users/asnaroo/Desktop/experiments/miso/viewer_command.txt
[2025-08-21 10:40:20.160] Checking for command file at: /Users/asnaroo/Desktop/experiments/miso/viewer_command.txt
[2025-08-21 10:40:20.673] Checking for command file at: /Users/asnaroo/Desktop/experiments/miso/viewer_command.txt
[2025-08-21 10:40:21.187] Checking for command file at: /Users/asnaroo/Desktop/experiments/miso/viewer_command.txt
[2025-08-21 10:40:21.703] Checking for command file at: /Users/asnaroo/Desktop/experiments/miso/viewer_command.txt
[2025-08-21 10:40:22.208] Checking for command file at: /Users/asnaroo/Desktop/experiments/miso/viewer_command.txt
[2025-08-21 10:40:22.728] Checking for command file at: /Users/asnaroo/Desktop/experiments/miso/viewer_command.txt
[2025-08-21 10:40:23.252] Checking for command file at: /Users/asnaroo/Desktop/experiments/miso/viewer_command.txt
[2025-08-21 10:40:23.760] Checking for command file at: /Users/asnaroo/Desktop/experiments/miso/viewer_command.txt
[2025-08-21 10:40:24.285] Checking for command file at: /Users/asnaroo/Desktop/experiments/miso/viewer_command.txt
[2025-08-21 10:40:24.803] Checking for command file at: /Users/asnaroo/Desktop/experiments/miso/viewer_command.txt
[2025-08-21 10:40:25.328] Checking for command file at: /Users/asnaroo/Desktop/experiments/miso/viewer_command.txt
[2025-08-21 10:40:25.853] Checking for command file at: /Users/asnaroo/Desktop/experiments/miso/viewer_command.txt
[2025-08-21 10:40:26.379] Checking for command file at: /Users/asnaroo/Desktop/experiments/miso/viewer_command.txt
[2025-08-21 10:40:26.905] Checking for command file at: /Users/asnaroo/Desktop/experiments/miso/viewer_command.txt
[2025-08-21 10:40:27.427] Checking for command file at: /Users/asnaroo/Desktop/experiments/miso/viewer_command.txt
[2025-08-21 10:40:27.952] Checking for command file at: /Users/asnaroo/Desktop/experiments/miso/viewer_command.txt
[2025-08-21 10:40:28.477] Checking for command file at: /Users/asnaroo/Desktop/experiments/miso/viewer_command.txt
[2025-08-21 10:40:29.002] Checking for command file at: /Users/asnaroo/Desktop/experiments/miso/viewer_command.txt
[2025-08-21 10:40:29.524] Checking for command file at: /Users/asnaroo/Desktop/experiments/miso/viewer_command.txt
[2025-08-21 10:40:30.050] Checking for command file at: /Users/asnaroo/Desktop/experiments/miso/viewer_command.txt
[2025-08-21 10:40:30.552] Checking for command file at: /Users/asnaroo/Desktop/experiments/miso/viewer_command.txt
[2025-08-21 10:40:31.078] Checking for command file at: /Users/asnaroo/Desktop/experiments/miso/viewer_command.txt
[2025-08-21 10:40:31.603] Checking for command file at: /Users/asnaroo/Desktop/experiments/miso/viewer_command.txt
[2025-08-21 10:40:32.129] Checking for command file at: /Users/asnaroo/Desktop/experiments/miso/viewer_command.txt
[2025-08-21 10:40:32.655] Checking for command file at: /Users/asnaroo/Desktop/experiments/miso/viewer_command.txt
[2025-08-21 10:40:33.180] Checking for command file at: /Users/asnaroo/Desktop/experiments/miso/viewer_command.txt
[2025-08-21 10:40:33.703] Checking for command file at: /Users/asnaroo/Desktop/experiments/miso/viewer_command.txt
[2025-08-21 10:40:34.228] Checking for command file at: /Users/asnaroo/Desktop/experiments/miso/viewer_command.txt
[2025-08-21 10:40:34.753] Checking for command file at: /Users/asnaroo/Desktop/experiments/miso/viewer_command.txt
[2025-08-21 10:40:35.270] Checking for command file at: /Users/asnaroo/Desktop/experiments/miso/viewer_command.txt
[2025-08-21 10:40:35.797] Checking for command file at: /Users/asnaroo/Desktop/experiments/miso/viewer_command.txt
[2025-08-21 10:40:36.322] Checking for command file at: /Users/asnaroo/Desktop/experiments/miso/viewer_command.txt
[2025-08-21 10:40:36.828] Checking for command file at: /Users/asnaroo/Desktop/experiments/miso/viewer_command.txt
[2025-08-21 10:40:37.353] Checking for command file at: /Users/asnaroo/Desktop/experiments/miso/viewer_command.txt
[2025-08-21 10:40:37.879] Checking for command file at: /Users/asnaroo/Desktop/experiments/miso/viewer_command.txt
[2025-08-21 10:40:38.402] Checking for command file at: /Users/asnaroo/Desktop/experiments/miso/viewer_command.txt
[2025-08-21 10:40:38.911] Checking for command file at: /Users/asnaroo/Desktop/experiments/miso/viewer_command.txt
[2025-08-21 10:40:39.438] Checking for command file at: /Users/asnaroo/Desktop/experiments/miso/viewer_command.txt
[2025-08-21 10:40:39.960] Checking for command file at: /Users/asnaroo/Desktop/experiments/miso/viewer_command.txt
[2025-08-21 10:40:40.484] Checking for command file at: /Users/asnaroo/Desktop/experiments/miso/viewer_command.txt
[2025-08-21 10:40:41.009] Checking for command file at: /Users/asnaroo/Desktop/experiments/miso/viewer_command.txt
[2025-08-21 10:40:41.540] Checking for command file at: /Users/asnaroo/Desktop/experiments/miso/viewer_command.txt
[2025-08-21 10:40:42.063] Checking for command file at: /Users/asnaroo/Desktop/experiments/miso/viewer_command.txt
[2025-08-21 10:40:42.589] Checking for command file at: /Users/asnaroo/Desktop/experiments/miso/viewer_command.txt
[2025-08-21 10:40:43.113] Checking for command file at: /Users/asnaroo/Desktop/experiments/miso/viewer_command.txt
[2025-08-21 10:40:43.638] Checking for command file at: /Users/asnaroo/Desktop/experiments/miso/viewer_command.txt
[2025-08-21 10:40:44.164] Checking for command file at: /Users/asnaroo/Desktop/experiments/miso/viewer_command.txt
[2025-08-21 10:40:44.690] Checking for command file at: /Users/asnaroo/Desktop/experiments/miso/viewer_command.txt
[2025-08-21 10:40:45.213] Checking for command file at: /Users/asnaroo/Desktop/experiments/miso/viewer_command.txt
[2025-08-21 10:40:45.738] Checking for command file at: /Users/asnaroo/Desktop/experiments/miso/viewer_command.txt
[2025-08-21 10:40:46.263] Checking for command file at: /Users/asnaroo/Desktop/experiments/miso/viewer_command.txt
[2025-08-21 10:40:46.790] Checking for command file at: /Users/asnaroo/Desktop/experiments/miso/viewer_command.txt
[2025-08-21 10:40:47.308] Checking for command file at: /Users/asnaroo/Desktop/experiments/miso/viewer_command.txt
[2025-08-21 10:40:47.814] Checking for command file at: /Users/asnaroo/Desktop/experiments/miso/viewer_command.txt
[2025-08-21 10:40:48.328] Checking for command file at: /Users/asnaroo/Desktop/experiments/miso/viewer_command.txt
[2025-08-21 10:40:48.853] Checking for command file at: /Users/asnaroo/Desktop/experiments/miso/viewer_command.txt
[2025-08-21 10:40:49.378] Checking for command file at: /Users/asnaroo/Desktop/experiments/miso/viewer_command.txt
[2025-08-21 10:40:49.903] Checking for command file at: /Users/asnaroo/Desktop/experiments/miso/viewer_command.txt
[2025-08-21 10:40:50.413] Checking for command file at: /Users/asnaroo/Desktop/experiments/miso/viewer_command.txt
[2025-08-21 10:40:50.937] Checking for command file at: /Users/asnaroo/Desktop/experiments/miso/viewer_command.txt
[2025-08-21 10:40:51.453] Checking for command file at: /Users/asnaroo/Desktop/experiments/miso/viewer_command.txt
[2025-08-21 10:40:51.959] Checking for command file at: /Users/asnaroo/Desktop/experiments/miso/viewer_command.txt
[2025-08-21 10:40:52.475] Checking for command file at: /Users/asnaroo/Desktop/experiments/miso/viewer_command.txt
[2025-08-21 10:40:52.995] Checking for command file at: /Users/asnaroo/Desktop/experiments/miso/viewer_command.txt
[2025-08-21 10:40:53.520] Checking for command file at: /Users/asnaroo/Desktop/experiments/miso/viewer_command.txt
[2025-08-21 10:40:54.024] Checking for command file at: /Users/asnaroo/Desktop/experiments/miso/viewer_command.txt
[2025-08-21 10:40:54.544] Checking for command file at: /Users/asnaroo/Desktop/experiments/miso/viewer_command.txt
[2025-08-21 10:40:55.053] Checking for command file at: /Users/asnaroo/Desktop/experiments/miso/viewer_command.txt
[2025-08-21 10:40:55.580] Checking for command file at: /Users/asnaroo/Desktop/experiments/miso/viewer_command.txt
[2025-08-21 10:40:56.103] Checking for command file at: /Users/asnaroo/Desktop/experiments/miso/viewer_command.txt
[2025-08-21 10:40:56.628] Checking for command file at: /Users/asnaroo/Desktop/experiments/miso/viewer_command.txt
[2025-08-21 10:40:57.153] Checking for command file at: /Users/asnaroo/Desktop/experiments/miso/viewer_command.txt
[2025-08-21 10:40:57.676] Checking for command file at: /Users/asnaroo/Desktop/experiments/miso/viewer_command.txt
[2025-08-21 10:40:58.202] Checking for command file at: /Users/asnaroo/Desktop/experiments/miso/viewer_command.txt
[2025-08-21 10:40:58.726] Checking for command file at: /Users/asnaroo/Desktop/experiments/miso/viewer_command.txt
[2025-08-21 10:40:59.252] Checking for command file at: /Users/asnaroo/Desktop/experiments/miso/viewer_command.txt
[2025-08-21 10:40:59.777] Checking for command file at: /Users/asnaroo/Desktop/experiments/miso/viewer_command.txt
[2025-08-21 10:41:00.302] Checking for command file at: /Users/asnaroo/Desktop/experiments/miso/viewer_command.txt
[2025-08-21 10:41:00.826] Checking for command file at: /Users/asnaroo/Desktop/experiments/miso/viewer_command.txt
[2025-08-21 10:41:01.352] Checking for command file at: /Users/asnaroo/Desktop/experiments/miso/viewer_command.txt
[2025-08-21 10:41:01.876] Checking for command file at: /Users/asnaroo/Desktop/experiments/miso/viewer_command.txt
[2025-08-21 10:41:02.404] Checking for command file at: /Users/asnaroo/Desktop/experiments/miso/viewer_command.txt
[2025-08-21 10:41:02.930] Checking for command file at: /Users/asnaroo/Desktop/experiments/miso/viewer_command.txt
[2025-08-21 10:41:03.455] Checking for command file at: /Users/asnaroo/Desktop/experiments/miso/viewer_command.txt
[2025-08-21 10:41:03.980] Checking for command file at: /Users/asnaroo/Desktop/experiments/miso/viewer_command.txt
[2025-08-21 10:41:04.506] Checking for command file at: /Users/asnaroo/Desktop/experiments/miso/viewer_command.txt
[2025-08-21 10:41:05.030] Checking for command file at: /Users/asnaroo/Desktop/experiments/miso/viewer_command.txt
[2025-08-21 10:41:05.556] Checking for command file at: /Users/asnaroo/Desktop/experiments/miso/viewer_command.txt
[2025-08-21 10:41:06.081] Checking for command file at: /Users/asnaroo/Desktop/experiments/miso/viewer_command.txt
[2025-08-21 10:41:06.606] Checking for command file at: /Users/asnaroo/Desktop/experiments/miso/viewer_command.txt
[2025-08-21 10:41:07.130] Checking for command file at: /Users/asnaroo/Desktop/experiments/miso/viewer_command.txt
[2025-08-21 10:41:07.655] Checking for command file at: /Users/asnaroo/Desktop/experiments/miso/viewer_command.txt
[2025-08-21 10:41:08.180] Checking for command file at: /Users/asnaroo/Desktop/experiments/miso/viewer_command.txt
[2025-08-21 10:41:08.710] Checking for command file at: /Users/asnaroo/Desktop/experiments/miso/viewer_command.txt
[2025-08-21 10:41:09.235] Checking for command file at: /Users/asnaroo/Desktop/experiments/miso/viewer_command.txt
[2025-08-21 10:41:09.761] Checking for command file at: /Users/asnaroo/Desktop/experiments/miso/viewer_command.txt
[2025-08-21 10:41:10.284] Checking for command file at: /Users/asnaroo/Desktop/experiments/miso/viewer_command.txt
[2025-08-21 10:41:10.802] Checking for command file at: /Users/asnaroo/Desktop/experiments/miso/viewer_command.txt
[2025-08-21 10:41:11.328] Checking for command file at: /Users/asnaroo/Desktop/experiments/miso/viewer_command.txt
[2025-08-21 10:41:11.852] Checking for command file at: /Users/asnaroo/Desktop/experiments/miso/viewer_command.txt
[2025-08-21 10:41:12.379] Checking for command file at: /Users/asnaroo/Desktop/experiments/miso/viewer_command.txt
[2025-08-21 10:41:12.905] Checking for command file at: /Users/asnaroo/Desktop/experiments/miso/viewer_command.txt
[2025-08-21 10:41:13.415] Checking for command file at: /Users/asnaroo/Desktop/experiments/miso/viewer_command.txt
[2025-08-21 10:41:13.938] Checking for command file at: /Users/asnaroo/Desktop/experiments/miso/viewer_command.txt
[2025-08-21 10:41:14.464] Checking for command file at: /Users/asnaroo/Desktop/experiments/miso/viewer_command.txt
[2025-08-21 10:41:14.989] Checking for command file at: /Users/asnaroo/Desktop/experiments/miso/viewer_command.txt
[2025-08-21 10:41:15.516] Checking for command file at: /Users/asnaroo/Desktop/experiments/miso/viewer_command.txt
[2025-08-21 10:41:16.039] Checking for command file at: /Users/asnaroo/Desktop/experiments/miso/viewer_command.txt
[2025-08-21 10:41:16.560] Checking for command file at: /Users/asnaroo/Desktop/experiments/miso/viewer_command.txt
[2025-08-21 10:41:17.074] Checking for command file at: /Users/asnaroo/Desktop/experiments/miso/viewer_command.txt
[2025-08-21 10:41:17.597] Checking for command file at: /Users/asnaroo/Desktop/experiments/miso/viewer_command.txt
[2025-08-21 10:41:18.104] Checking for command file at: /Users/asnaroo/Desktop/experiments/miso/viewer_command.txt
[2025-08-21 10:41:18.630] Checking for command file at: /Users/asnaroo/Desktop/experiments/miso/viewer_command.txt
[2025-08-21 10:41:19.153] Checking for command file at: /Users/asnaroo/Desktop/experiments/miso/viewer_command.txt
[2025-08-21 10:41:19.676] Checking for command file at: /Users/asnaroo/Desktop/experiments/miso/viewer_command.txt
[2025-08-21 10:41:20.203] Checking for command file at: /Users/asnaroo/Desktop/experiments/miso/viewer_command.txt
[2025-08-21 10:41:20.726] Checking for command file at: /Users/asnaroo/Desktop/experiments/miso/viewer_command.txt
[2025-08-21 10:41:21.251] Checking for command file at: /Users/asnaroo/Desktop/experiments/miso/viewer_command.txt
[2025-08-21 10:41:21.776] Checking for command file at: /Users/asnaroo/Desktop/experiments/miso/viewer_command.txt
[2025-08-21 10:41:22.302] Checking for command file at: /Users/asnaroo/Desktop/experiments/miso/viewer_command.txt
[2025-08-21 10:41:22.829] Checking for command file at: /Users/asnaroo/Desktop/experiments/miso/viewer_command.txt
[2025-08-21 10:41:23.355] Checking for command file at: /Users/asnaroo/Desktop/experiments/miso/viewer_command.txt
[2025-08-21 10:41:23.879] Checking for command file at: /Users/asnaroo/Desktop/experiments/miso/viewer_command.txt
[2025-08-21 10:41:24.403] Checking for command file at: /Users/asnaroo/Desktop/experiments/miso/viewer_command.txt
[2025-08-21 10:41:24.915] Checking for command file at: /Users/asnaroo/Desktop/experiments/miso/viewer_command.txt
[2025-08-21 10:41:25.437] Checking for command file at: /Users/asnaroo/Desktop/experiments/miso/viewer_command.txt
[2025-08-21 10:41:25.953] Checking for command file at: /Users/asnaroo/Desktop/experiments/miso/viewer_command.txt
[2025-08-21 10:41:26.477] Checking for command file at: /Users/asnaroo/Desktop/experiments/miso/viewer_command.txt
[2025-08-21 10:41:27.003] Checking for command file at: /Users/asnaroo/Desktop/experiments/miso/viewer_command.txt
[2025-08-21 10:41:27.529] Checking for command file at: /Users/asnaroo/Desktop/experiments/miso/viewer_command.txt
[2025-08-21 10:41:28.055] Checking for command file at: /Users/asnaroo/Desktop/experiments/miso/viewer_command.txt
[2025-08-21 10:41:28.562] Checking for command file at: /Users/asnaroo/Desktop/experiments/miso/viewer_command.txt
[2025-08-21 10:41:29.082] Checking for command file at: /Users/asnaroo/Desktop/experiments/miso/viewer_command.txt
[2025-08-21 10:41:29.609] Checking for command file at: /Users/asnaroo/Desktop/experiments/miso/viewer_command.txt
[2025-08-21 10:41:30.135] Checking for command file at: /Users/asnaroo/Desktop/experiments/miso/viewer_command.txt
[2025-08-21 10:41:30.660] Checking for command file at: /Users/asnaroo/Desktop/experiments/miso/viewer_command.txt
[2025-08-21 10:41:31.186] Checking for command file at: /Users/asnaroo/Desktop/experiments/miso/viewer_command.txt
[2025-08-21 10:41:31.710] Checking for command file at: /Users/asnaroo/Desktop/experiments/miso/viewer_command.txt
[2025-08-21 10:41:32.236] Checking for command file at: /Users/asnaroo/Desktop/experiments/miso/viewer_command.txt
[2025-08-21 10:41:32.761] Checking for command file at: /Users/asnaroo/Desktop/experiments/miso/viewer_command.txt
[2025-08-21 10:41:33.284] Checking for command file at: /Users/asnaroo/Desktop/experiments/miso/viewer_command.txt
[2025-08-21 10:41:33.810] Checking for command file at: /Users/asnaroo/Desktop/experiments/miso/viewer_command.txt
[2025-08-21 10:41:34.337] Checking for command file at: /Users/asnaroo/Desktop/experiments/miso/viewer_command.txt
[2025-08-21 10:41:34.862] Checking for command file at: /Users/asnaroo/Desktop/experiments/miso/viewer_command.txt
[2025-08-21 10:41:35.389] Checking for command file at: /Users/asnaroo/Desktop/experiments/miso/viewer_command.txt
[2025-08-21 10:41:35.914] Checking for command file at: /Users/asnaroo/Desktop/experiments/miso/viewer_command.txt
[2025-08-21 10:41:36.442] Checking for command file at: /Users/asnaroo/Desktop/experiments/miso/viewer_command.txt
[2025-08-21 10:41:36.960] Checking for command file at: /Users/asnaroo/Desktop/experiments/miso/viewer_command.txt
[2025-08-21 10:41:37.482] Checking for command file at: /Users/asnaroo/Desktop/experiments/miso/viewer_command.txt
[2025-08-21 10:41:38.008] Checking for command file at: /Users/asnaroo/Desktop/experiments/miso/viewer_command.txt
[2025-08-21 10:41:38.527] Checking for command file at: /Users/asnaroo/Desktop/experiments/miso/viewer_command.txt
[2025-08-21 10:41:39.065] Checking for command file at: /Users/asnaroo/Desktop/experiments/miso/viewer_command.txt
[2025-08-21 10:41:39.594] Checking for command file at: /Users/asnaroo/Desktop/experiments/miso/viewer_command.txt
[2025-08-21 10:41:40.106] Checking for command file at: /Users/asnaroo/Desktop/experiments/miso/viewer_command.txt
[2025-08-21 10:41:40.630] Checking for command file at: /Users/asnaroo/Desktop/experiments/miso/viewer_command.txt
[2025-08-21 10:41:41.154] Checking for command file at: /Users/asnaroo/Desktop/experiments/miso/viewer_command.txt
[2025-08-21 10:41:41.680] Checking for command file at: /Users/asnaroo/Desktop/experiments/miso/viewer_command.txt
[2025-08-21 10:41:42.206] Checking for command file at: /Users/asnaroo/Desktop/experiments/miso/viewer_command.txt
[2025-08-21 10:41:42.730] Checking for command file at: /Users/asnaroo/Desktop/experiments/miso/viewer_command.txt
[2025-08-21 10:41:43.253] Checking for command file at: /Users/asnaroo/Desktop/experiments/miso/viewer_command.txt
[2025-08-21 10:41:43.779] Checking for command file at: /Users/asnaroo/Desktop/experiments/miso/viewer_command.txt
[2025-08-21 10:41:44.303] Checking for command file at: /Users/asnaroo/Desktop/experiments/miso/viewer_command.txt
[2025-08-21 10:41:44.830] Checking for command file at: /Users/asnaroo/Desktop/experiments/miso/viewer_command.txt
[2025-08-21 10:41:45.355] Checking for command file at: /Users/asnaroo/Desktop/experiments/miso/viewer_command.txt
[2025-08-21 10:41:45.880] Checking for command file at: /Users/asnaroo/Desktop/experiments/miso/viewer_command.txt
[2025-08-21 10:41:46.405] Checking for command file at: /Users/asnaroo/Desktop/experiments/miso/viewer_command.txt
[2025-08-21 10:41:46.931] Checking for command file at: /Users/asnaroo/Desktop/experiments/miso/viewer_command.txt
[2025-08-21 10:41:47.453] Checking for command file at: /Users/asnaroo/Desktop/experiments/miso/viewer_command.txt
[2025-08-21 10:41:47.981] Checking for command file at: /Users/asnaroo/Desktop/experiments/miso/viewer_command.txt
[2025-08-21 10:41:48.505] Checking for command file at: /Users/asnaroo/Desktop/experiments/miso/viewer_command.txt
[2025-08-21 10:41:49.032] Checking for command file at: /Users/asnaroo/Desktop/experiments/miso/viewer_command.txt
[2025-08-21 10:41:49.560] Checking for command file at: /Users/asnaroo/Desktop/experiments/miso/viewer_command.txt
[2025-08-21 10:41:50.085] Checking for command file at: /Users/asnaroo/Desktop/experiments/miso/viewer_command.txt
[2025-08-21 10:41:50.610] Checking for command file at: /Users/asnaroo/Desktop/experiments/miso/viewer_command.txt
[2025-08-21 10:41:51.135] Checking for command file at: /Users/asnaroo/Desktop/experiments/miso/viewer_command.txt
[2025-08-21 10:41:51.660] Checking for command file at: /Users/asnaroo/Desktop/experiments/miso/viewer_command.txt
[2025-08-21 10:41:52.186] Checking for command file at: /Users/asnaroo/Desktop/experiments/miso/viewer_command.txt
[2025-08-21 10:41:52.703] Checking for command file at: /Users/asnaroo/Desktop/experiments/miso/viewer_command.txt
[2025-08-21 10:41:53.227] Checking for command file at: /Users/asnaroo/Desktop/experiments/miso/viewer_command.txt
[2025-08-21 10:41:53.752] Checking for command file at: /Users/asnaroo/Desktop/experiments/miso/viewer_command.txt
[2025-08-21 10:41:54.284] Checking for command file at: /Users/asnaroo/Desktop/experiments/miso/viewer_command.txt
[2025-08-21 10:41:54.830] Checking for command file at: /Users/asnaroo/Desktop/experiments/miso/viewer_command.txt
[2025-08-21 10:41:55.355] Checking for command file at: /Users/asnaroo/Desktop/experiments/miso/viewer_command.txt
[2025-08-21 10:41:55.880] Checking for command file at: /Users/asnaroo/Desktop/experiments/miso/viewer_command.txt
[2025-08-21 10:41:56.405] Checking for command file at: /Users/asnaroo/Desktop/experiments/miso/viewer_command.txt
[2025-08-21 10:41:56.930] Checking for command file at: /Users/asnaroo/Desktop/experiments/miso/viewer_command.txt
[2025-08-21 10:41:57.455] Checking for command file at: /Users/asnaroo/Desktop/experiments/miso/viewer_command.txt
[2025-08-21 10:41:57.980] Checking for command file at: /Users/asnaroo/Desktop/experiments/miso/viewer_command.txt
[2025-08-21 10:41:58.505] Checking for command file at: /Users/asnaroo/Desktop/experiments/miso/viewer_command.txt
[2025-08-21 10:41:59.031] Checking for command file at: /Users/asnaroo/Desktop/experiments/miso/viewer_command.txt
[2025-08-21 10:41:59.555] Checking for command file at: /Users/asnaroo/Desktop/experiments/miso/viewer_command.txt
[2025-08-21 10:42:00.082] Checking for command file at: /Users/asnaroo/Desktop/experiments/miso/viewer_command.txt
[2025-08-21 10:42:00.610] Checking for command file at: /Users/asnaroo/Desktop/experiments/miso/viewer_command.txt
[2025-08-21 10:42:01.139] Checking for command file at: /Users/asnaroo/Desktop/experiments/miso/viewer_command.txt
[2025-08-21 10:42:01.664] Checking for command file at: /Users/asnaroo/Desktop/experiments/miso/viewer_command.txt
[2025-08-21 10:42:02.189] Checking for command file at: /Users/asnaroo/Desktop/experiments/miso/viewer_command.txt
[2025-08-21 10:42:02.714] Checking for command file at: /Users/asnaroo/Desktop/experiments/miso/viewer_command.txt
[2025-08-21 10:42:03.238] Checking for command file at: /Users/asnaroo/Desktop/experiments/miso/viewer_command.txt
[2025-08-21 10:42:03.763] Checking for command file at: /Users/asnaroo/Desktop/experiments/miso/viewer_command.txt
[2025-08-21 10:42:04.289] Checking for command file at: /Users/asnaroo/Desktop/experiments/miso/viewer_command.txt
[2025-08-21 10:42:04.814] Checking for command file at: /Users/asnaroo/Desktop/experiments/miso/viewer_command.txt
[2025-08-21 10:42:05.328] Checking for command file at: /Users/asnaroo/Desktop/experiments/miso/viewer_command.txt
[2025-08-21 10:42:05.853] Checking for command file at: /Users/asnaroo/Desktop/experiments/miso/viewer_command.txt
[2025-08-21 10:42:06.378] Checking for command file at: /Users/asnaroo/Desktop/experiments/miso/viewer_command.txt
[2025-08-21 10:42:06.903] Checking for command file at: /Users/asnaroo/Desktop/experiments/miso/viewer_command.txt
[2025-08-21 10:42:07.430] Checking for command file at: /Users/asnaroo/Desktop/experiments/miso/viewer_command.txt
[2025-08-21 10:42:07.955] Checking for command file at: /Users/asnaroo/Desktop/experiments/miso/viewer_command.txt
[2025-08-21 10:42:08.480] Checking for command file at: /Users/asnaroo/Desktop/experiments/miso/viewer_command.txt
[2025-08-21 10:42:09.006] Checking for command file at: /Users/asnaroo/Desktop/experiments/miso/viewer_command.txt
[2025-08-21 10:42:09.531] Checking for command file at: /Users/asnaroo/Desktop/experiments/miso/viewer_command.txt
[2025-08-21 10:42:10.055] Checking for command file at: /Users/asnaroo/Desktop/experiments/miso/viewer_command.txt
[2025-08-21 10:42:10.580] Checking for command file at: /Users/asnaroo/Desktop/experiments/miso/viewer_command.txt
[2025-08-21 10:42:11.106] Checking for command file at: /Users/asnaroo/Desktop/experiments/miso/viewer_command.txt
[2025-08-21 10:42:11.631] Checking for command file at: /Users/asnaroo/Desktop/experiments/miso/viewer_command.txt
